Copyright 1986-2018 Xilinx, Inc. All Rights Reserved.
--------------------------------------------------------------------------------------------------------------------------------------------------
| Tool Version : Vivado v.2018.2 (win64) Build 2258646 Thu Jun 14 20:03:12 MDT 2018
| Date         : Sun Mar 24 10:24:13 2019
| Host         : DESKTOP-M866AGS running 64-bit major release  (build 9200)
| Command      : report_methodology -file Sort_methodology_drc_routed.rpt -pb Sort_methodology_drc_routed.pb -rpx Sort_methodology_drc_routed.rpx
| Design       : Sort
| Device       : xc7a100tcsg324-1
| Speed File   : -1
| Design State : Routed
--------------------------------------------------------------------------------------------------------------------------------------------------

Report Methodology

Table of Contents
-----------------
1. REPORT SUMMARY
2. REPORT DETAILS

1. REPORT SUMMARY
-----------------
            Netlist: netlist
          Floorplan: design_1
      Design limits: <entire design considered>
             Max violations: <unlimited>
             Violations found: 16
+-----------+----------+-------------------+------------+
| Rule      | Severity | Description       | Violations |
+-----------+----------+-------------------+------------+
| TIMING-20 | Warning  | Non-clocked latch | 16         |
+-----------+----------+-------------------+------------+

2. REPORT DETAILS
-----------------
TIMING-20#1 Warning
Non-clocked latch  
The latch tOUT1_reg[0] cannot be properly analyzed as its control pin tOUT1_reg[0]/G is not reached by a timing clock
Related violations: <none>

TIMING-20#2 Warning
Non-clocked latch  
The latch tOUT1_reg[1] cannot be properly analyzed as its control pin tOUT1_reg[1]/G is not reached by a timing clock
Related violations: <none>

TIMING-20#3 Warning
Non-clocked latch  
The latch tOUT1_reg[2] cannot be properly analyzed as its control pin tOUT1_reg[2]/G is not reached by a timing clock
Related violations: <none>

TIMING-20#4 Warning
Non-clocked latch  
The latch tOUT1_reg[3] cannot be properly analyzed as its control pin tOUT1_reg[3]/G is not reached by a timing clock
Related violations: <none>

TIMING-20#5 Warning
Non-clocked latch  
The latch tOUT2_reg[0] cannot be properly analyzed as its control pin tOUT2_reg[0]/G is not reached by a timing clock
Related violations: <none>

TIMING-20#6 Warning
Non-clocked latch  
The latch tOUT2_reg[1] cannot be properly analyzed as its control pin tOUT2_reg[1]/G is not reached by a timing clock
Related violations: <none>

TIMING-20#7 Warning
Non-clocked latch  
The latch tOUT2_reg[2] cannot be properly analyzed as its control pin tOUT2_reg[2]/G is not reached by a timing clock
Related violations: <none>

TIMING-20#8 Warning
Non-clocked latch  
The latch tOUT2_reg[3] cannot be properly analyzed as its control pin tOUT2_reg[3]/G is not reached by a timing clock
Related violations: <none>

TIMING-20#9 Warning
Non-clocked latch  
The latch tOUT3_reg[0] cannot be properly analyzed as its control pin tOUT3_reg[0]/G is not reached by a timing clock
Related violations: <none>

TIMING-20#10 Warning
Non-clocked latch  
The latch tOUT3_reg[1] cannot be properly analyzed as its control pin tOUT3_reg[1]/G is not reached by a timing clock
Related violations: <none>

TIMING-20#11 Warning
Non-clocked latch  
The latch tOUT3_reg[2] cannot be properly analyzed as its control pin tOUT3_reg[2]/G is not reached by a timing clock
Related violations: <none>

TIMING-20#12 Warning
Non-clocked latch  
The latch tOUT3_reg[3] cannot be properly analyzed as its control pin tOUT3_reg[3]/G is not reached by a timing clock
Related violations: <none>

TIMING-20#13 Warning
Non-clocked latch  
The latch tOUT4_reg[0] cannot be properly analyzed as its control pin tOUT4_reg[0]/G is not reached by a timing clock
Related violations: <none>

TIMING-20#14 Warning
Non-clocked latch  
The latch tOUT4_reg[1] cannot be properly analyzed as its control pin tOUT4_reg[1]/G is not reached by a timing clock
Related violations: <none>

TIMING-20#15 Warning
Non-clocked latch  
The latch tOUT4_reg[2] cannot be properly analyzed as its control pin tOUT4_reg[2]/G is not reached by a timing clock
Related violations: <none>

TIMING-20#16 Warning
Non-clocked latch  
The latch tOUT4_reg[3] cannot be properly analyzed as its control pin tOUT4_reg[3]/G is not reached by a timing clock
Related violations: <none>


