#-----------------------------------------------------------
# Vivado v2018.2 (64-bit)
# SW Build 2258646 on Thu Jun 14 20:03:12 MDT 2018
# IP Build 2256618 on Thu Jun 14 22:10:49 MDT 2018
# Start of session at: Thu Mar 21 21:29:28 2019
# Process ID: 11452
# Current directory: F:/Study/Subject_L/COD_LAB/LAB1/ALU
# Command line: vivado.exe -gui_launcher_event rodinguilauncherevent11212 F:\Study\Subject_L\COD_LAB\LAB1\ALU\ALU.xpr
# Log file: F:/Study/Subject_L/COD_LAB/LAB1/ALU/vivado.log
# Journal file: F:/Study/Subject_L/COD_LAB/LAB1/ALU\vivado.jou
#-----------------------------------------------------------
start_gui
open_project F:/Study/Subject_L/COD_LAB/LAB1/ALU/ALU.xpr
Scanning sources...
Finished scanning sources
INFO: [IP_Flow 19-234] Refreshing IP repositories
INFO: [IP_Flow 19-1704] No user IP repositories specified
INFO: [IP_Flow 19-2313] Loaded Vivado IP repository 'D:/Xilinx/Vivado/2018.2/data/ip'.
open_project: Time (s): cpu = 00:00:14 ; elapsed = 00:00:08 . Memory (MB): peak = 957.699 ; gain = 205.824
update_compile_order -fileset sources_1
open_run synth_1 -name synth_1
Design is defaulting to impl run constrset: constrs_1
Design is defaulting to synth run part: xc7a100tcsg324-1
INFO: [Netlist 29-17] Analyzing 22 Unisim elements for replacement
INFO: [Netlist 29-28] Unisim Transformation completed in 0 CPU seconds
INFO: [Project 1-479] Netlist was created with Vivado 2018.2
INFO: [Device 21-403] Loading part xc7a100tcsg324-1
INFO: [Project 1-570] Preparing netlist for logic optimization
Parsing XDC File [F:/Study/Subject_L/COD_LAB/LAB1/Nexys4DDR_Master.xdc]
Finished Parsing XDC File [F:/Study/Subject_L/COD_LAB/LAB1/Nexys4DDR_Master.xdc]
INFO: [Opt 31-138] Pushed 0 inverter(s) to 0 load pin(s).
INFO: [Project 1-111] Unisim Transformation Summary:
No Unisim elements were transformed.

open_run: Time (s): cpu = 00:00:20 ; elapsed = 00:00:11 . Memory (MB): peak = 1389.047 ; gain = 418.000
report_utilization -name utilization_1
report_utilization: Time (s): cpu = 00:00:09 ; elapsed = 00:00:03 . Memory (MB): peak = 1429.945 ; gain = 18.867
exit
INFO: [Common 17-206] Exiting Vivado at Thu Mar 21 21:31:15 2019...
