#-----------------------------------------------------------
# Vivado v2018.2 (64-bit)
# SW Build 2258646 on Thu Jun 14 20:03:12 MDT 2018
# IP Build 2256618 on Thu Jun 14 22:10:49 MDT 2018
# Start of session at: Thu Mar 21 21:32:50 2019
# Process ID: 9268
# Current directory: F:/Study/Subject_L/COD_LAB/LAB1/ALU
# Command line: vivado.exe -gui_launcher_event rodinguilauncherevent4264 F:\Study\Subject_L\COD_LAB\LAB1\ALU\ALU.xpr
# Log file: F:/Study/Subject_L/COD_LAB/LAB1/ALU/vivado.log
# Journal file: F:/Study/Subject_L/COD_LAB/LAB1/ALU\vivado.jou
#-----------------------------------------------------------
start_gui
open_project F:/Study/Subject_L/COD_LAB/LAB1/ALU/ALU.xpr
Scanning sources...
Finished scanning sources
INFO: [IP_Flow 19-234] Refreshing IP repositories
INFO: [IP_Flow 19-1704] No user IP repositories specified
INFO: [IP_Flow 19-2313] Loaded Vivado IP repository 'D:/Xilinx/Vivado/2018.2/data/ip'.
open_project: Time (s): cpu = 00:00:15 ; elapsed = 00:00:08 . Memory (MB): peak = 945.320 ; gain = 199.199
update_compile_order -fileset sources_1
exit
INFO: [Common 17-206] Exiting Vivado at Thu Mar 21 21:34:57 2019...
