#-----------------------------------------------------------
# Vivado v2018.2 (64-bit)
# SW Build 2258646 on Thu Jun 14 20:03:12 MDT 2018
# IP Build 2256618 on Thu Jun 14 22:10:49 MDT 2018
# Start of session at: Fri Apr 12 19:32:06 2019
# Process ID: 9124
# Current directory: F:/Study/Subject_L/COD_LAB/LAB4/Screen
# Command line: vivado.exe -gui_launcher_event rodinguilauncherevent3700 F:\Study\Subject_L\COD_LAB\LAB4\Screen\Screen.xpr
# Log file: F:/Study/Subject_L/COD_LAB/LAB4/Screen/vivado.log
# Journal file: F:/Study/Subject_L/COD_LAB/LAB4/Screen\vivado.jou
#-----------------------------------------------------------
start_gui
open_project F:/Study/Subject_L/COD_LAB/LAB4/Screen/Screen.xpr
Scanning sources...
Finished scanning sources
INFO: [IP_Flow 19-234] Refreshing IP repositories
INFO: [IP_Flow 19-1704] No user IP repositories specified
INFO: [IP_Flow 19-2313] Loaded Vivado IP repository 'D:/Xilinx/Vivado/2018.2/data/ip'.
WARNING: [IP_Flow 19-3664] IP 'dist_mem_gen_0' generated file not found 'f:/Study/Subject_L/COD_LAB/LAB4/Screen/Screen.srcs/sources_1/ip/dist_mem_gen_0/dist_mem_gen_0.dcp'. Please regenerate to continue.
WARNING: [IP_Flow 19-3664] IP 'dist_mem_gen_0' generated file not found 'f:/Study/Subject_L/COD_LAB/LAB4/Screen/Screen.srcs/sources_1/ip/dist_mem_gen_0/dist_mem_gen_0_stub.v'. Please regenerate to continue.
WARNING: [IP_Flow 19-3664] IP 'dist_mem_gen_0' generated file not found 'f:/Study/Subject_L/COD_LAB/LAB4/Screen/Screen.srcs/sources_1/ip/dist_mem_gen_0/dist_mem_gen_0_stub.vhdl'. Please regenerate to continue.
WARNING: [IP_Flow 19-3664] IP 'dist_mem_gen_0' generated file not found 'f:/Study/Subject_L/COD_LAB/LAB4/Screen/Screen.srcs/sources_1/ip/dist_mem_gen_0/dist_mem_gen_0_sim_netlist.v'. Please regenerate to continue.
WARNING: [IP_Flow 19-3664] IP 'dist_mem_gen_0' generated file not found 'f:/Study/Subject_L/COD_LAB/LAB4/Screen/Screen.srcs/sources_1/ip/dist_mem_gen_0/dist_mem_gen_0_sim_netlist.vhdl'. Please regenerate to continue.
open_project: Time (s): cpu = 00:00:23 ; elapsed = 00:00:11 . Memory (MB): peak = 888.906 ; gain = 139.539
